  kurs.cpp
d:\visual\repos\kurs\kurs\kurs.cpp(166): warning C4244: аргумент: преобразование "double" в "int", возможна потеря данных
d:\visual\repos\kurs\kurs\kurs.cpp(171): warning C4244: аргумент: преобразование "double" в "int", возможна потеря данных
d:\visual\repos\kurs\kurs\kurs.cpp(373): warning C4018: <: несоответствие типов со знаком и без знака
d:\visual\repos\kurs\kurs\kurs.cpp(378): warning C4018: <: несоответствие типов со знаком и без знака
d:\visual\repos\kurs\kurs\kurs.cpp(386): warning C4018: <: несоответствие типов со знаком и без знака
d:\visual\repos\kurs\kurs\kurs.cpp(393): warning C4018: <: несоответствие типов со знаком и без знака
d:\visual\repos\kurs\kurs\kurs.cpp(400): warning C4018: <: несоответствие типов со знаком и без знака
d:\visual\repos\kurs\kurs\kurs.cpp(416): warning C4018: <: несоответствие типов со знаком и без знака
d:\visual\repos\kurs\kurs\kurs.cpp(419): warning C4018: <: несоответствие типов со знаком и без знака
d:\visual\repos\kurs\kurs\kurs.cpp(421): warning C4018: <: несоответствие типов со знаком и без знака
d:\visual\repos\kurs\kurs\kurs.cpp(418): warning C4101: b: неиспользованная локальная переменная
d:\visual\repos\kurs\kurs\kurs.cpp(431): warning C4018: <: несоответствие типов со знаком и без знака
d:\visual\repos\kurs\kurs\kurs.cpp(433): warning C4018: <: несоответствие типов со знаком и без знака
d:\visual\repos\kurs\kurs\kurs.cpp(451): warning C4018: <: несоответствие типов со знаком и без знака
d:\visual\repos\kurs\kurs\kurs.cpp(458): warning C4018: <: несоответствие типов со знаком и без знака
d:\visual\repos\kurs\kurs\kurs.cpp(459): warning C4244: инициализация: преобразование "double" в "int", возможна потеря данных
d:\visual\repos\kurs\kurs\kurs.cpp(473): warning C4018: <: несоответствие типов со знаком и без знака
d:\visual\repos\kurs\kurs\kurs.cpp(571): warning C4244: =: преобразование "std::streamoff" в "int", возможна потеря данных
  kurs.vcxproj -> D:\visual\repos\kurs\Debug\kurs.exe
